
Configuring for:
  hash table:       80000000 bases.
  read stream:    1000000000 bases.


       Raw          Raw  Corrected    Corrected    Trimmed      Trimmed
     Reads        Bases      Reads        Bases      Reads        Bases
---------- ------------ ---------- ------------ ---------- ------------
       835     12390883         90      1733815         90      1733815
      1636     24162940        183      3582457        183      3582457
      2440     35951585        273      5423282        273      5423282
      3239     48215073        366      7379514        366      7379514
      4045     60654069        465      9500812        465      9500812
      4890     73674085        571     11603587        571     11603587
      5683     85932843        666     13439884        666     13439884
      6504     98174140        748     15170837        748     15170837
      7300    110894691        846     17148203        846     17148203
      8091    122558559        935     18975735        935     18975735
      8909    135178238       1018     20631271       1018     20631271
      9739    147918991       1112     22514337       1112     22514337
     10564    160331917       1203     24335751       1203     24335751
     11377    172356654       1288     26083738       1288     26083738
     12201    185002848       1393     28136441       1393     28136441
     12997    197125626       1483     30049798       1483     30049798
     13799    209397301       1574     31988085       1574     31988085
     14608    221812231       1676     33856783       1676     33856783
     15423    234326808       1766     35609297       1766     35609297
     16248    247035627       1853     37357575       1853     37357575
     17095    260758512       1972     39746197       1972     39746197
     17900    273584640       2086     41980779       2086     41980779
     18720    285835318       2190     44078742       2190     44078742
     19533    298604284       2289     46083153       2289     46083153
     20365    311201450       2379     47966638       2379     47966638
     21206    324420929       2469     49682191       2469     49682191
     22042    337538354       2561     51455627       2561     51455627
     22830    349059899       2637     52935209       2637     52935209
     23628    360383969       2715     54460113       2715     54460113
     24439    372135734       2805     56225160       2805     56225160
     25263    384218345       2901     58160506       2901     58160506
     26065    396057604       2999     59971956       2999     59971956
     26886    407899462       3105     62087247       3105     62087247
     27684    420017074       3188     63660512       3188     63660512
     28492    432546802       3272     65371811       3272     65371811
     29291    444974959       3360     67048145       3360     67048145
     30100    457020576       3446     68691339       3446     68691339
     30894    468412825       3531     70286217       3531     70286217
---------- ------------ ---------- ------------ ---------- ------------
     31686    480025224       3628     72217199       3628     72217199

  Job       Hash Range        # Reads      # Bases      Stream Range        # Reads      # Bases
----- --------------------- --------- ------------  --------------------- --------- ------------
    1          1-40141           3608     54671738           1-40141           3608     54671738
