Aligning contigs to reference...
	Aligning contigs to the reference
Filtering alignments...
Parsing coords...
Loading reference...
	Loaded [ENA_OBMB01000001_OBMB01000001.1]
	Loaded [ENA_OBMB01000002_OBMB01000002.1]
	Total Regions: 2
	Total Region Length: 2610531
Analyzing contigs...
CONTIG: tig00000001 (2562260bp)
Best alignment score: 2281846.8 (LEN: 2282075, IDY: 99.99), Total number of alignments: 2
			Looking for the best set of alignments (out of 2 total alignments)
			The best set is below. Score: 2561475.8, number of alignments: 2, unaligned bases: 0
		This contig is misassembled.
			Excluding internal overlap of size 22357 between Alignment 1 and 2: 1 302582 | 2259719 2562260 | 302582 302542 --> 22356 302582 | 2282076 2562260 | 280227 280185
			Real Alignment 1: 287015 2569357 | 1 2282075 | 2282343 2282075 | 99.99 | ENA_OBMB01000001_OBMB01000001.1 tig00000001
			  Extensive misassembly (relocation, inconsistency = -2547002) between these two alignments
			Real Alignment 2: 22356 302582 | 2282076 2562260 | 280227 280185 | 99.98 | ENA_OBMB01000001_OBMB01000001.1 tig00000001

CONTIG: tig00000002 (52864bp)
		This contig is unaligned. (52864 bp)
		Unaligned bases: 52864 (number of Ns: 0)

Analyzing coverage...
Writing SNPs into /home/simonos/Genomeanalysis/analysis/quast/contigs_reports/minimap_output/lferriphilum-contigs.used_snps.gz

Analysis is finished!
Founded SNPs were written into /home/simonos/Genomeanalysis/analysis/quast/contigs_reports/minimap_output/lferriphilum-contigs.used_snps.gz

Results:
	Local Misassemblies: 0
	Misassemblies: 1
		Relocations: 1
		Translocations: 0
		Inversions: 0
	Scaffold gap extensive misassemblies: 0
	Scaffold gap local misassemblies: 0
	Misassembled Contigs: 1
	Misassembled Contig Bases: 2562260
	Misassemblies Inter-Contig Overlap: 0
Unaligned Contigs: 1 + 0 part
Half Unaligned Contigs with Misassemblies: 0
Unaligned Contig Bases: 52864

Ambiguously Mapped Contigs: 0
Total Bases in Ambiguously Mapped Contigs: 0
Extra Bases in Ambiguously Mapped Contigs: 0
Note that --allow-ambiguity option was set to "one" and only first alignment per each of these contigs was used.

	Covered Bases: 2547002

	SNPs: 1
	Insertions: 22
	Deletions: 332

