
Found perl:
   /usr/bin/perl
   This is perl 5, version 16, subversion 3 (v5.16.3) built for x86_64-linux-thread-multi

Found java:
   /sw/comp/java/x86_64/sun_jdk1.8.0_151/bin/java
   java version "1.8.0_151"

Found canu:
   /sw/bioinfo/canu/2.2/rackham/bin/canu
   canu snapshot v2.2 +0 changes (r10279 af9c6e709ff2d6473cf966702c420b9eb42d9078)

Running job 2 based on command line options.
Fetch blocks/000003.dat

Running block 000002 in query 000002

Running with these settings:
--filter-threshold = 1.0E-7
--help = false
--max-shift = 0.2
--min-olap-length = 500
--min-store-length = 0
--no-rc = false
--no-self = false
--no-tf = false
--num-hashes = 256
--num-min-matches = 3
--num-threads = 4
--ordered-kmer-size = 14
--ordered-sketch-size = 1000
--repeat-idf-scale = 10.0
--repeat-weight = 0.9
--settings = 0
--store-full-id = true
--supress-noise = 0
--threshold = 0.8
--version = false
-f = 
-h = false
-k = 16
-p = 
-q = queries/000002
-s = ./blocks/000002.dat

Processing files for storage in reverse index...
Current # sequences loaded and processed from file: 5000...
Current # sequences loaded and processed from file: 10000...
Current # sequences loaded and processed from file: 15000...
Current # sequences loaded and processed from file: 20000...
Current # sequences loaded and processed from file: 25000...
Current # sequences stored: 5000...
Current # sequences stored: 10000...
Current # sequences stored: 15000...
Current # sequences stored: 20000...
Current # sequences stored: 25000...
Stored 25656 sequences in the index.
Processed 25656 unique sequences (fwd and rev).
Time (s) to read and hash from file: 3.740010417
Time (s) to score and output to self: 8.564028335
Opened fasta file /domus/h1/simonos/Genomeanalysis/analysis/assembly/correction/1-overlapper/blocks/000003.dat.
Current # sequences loaded and processed from file: 5000...
Processed 6063 to sequences.
Time (s) to score, hash to-file, and output: 4.625579539
Total scoring time (s): 13.197085437
Total time (s): 16.93735143
MinHash search time (s): 14.518768047000002
Total matches found: 217230
Average number of matches per lookup: 11.499126568207084
Average number of table elements processed per lookup: 390.83425970038644
Average number of table elements processed per match: 33.9881692215624
Average % of hashed sequences hit per lookup: 0.44968169270422875
Average % of hashed sequences hit that are matches: 9.967143252391303
Average % of hashed sequences fully compared that are matches: 88.82882367132967
