1	23572	span-repeat
2	8581	unique
13	25816	unique
20	11659	unique
34	12102	unique
56	19467	unique
62	12643	unique
64	19762	unique
88	23618	unique
89	24471	unique
103	12064	unique
110	13053	unique
113	17103	span-repeat
123	14316	unique
137	26501	unique
142	17142	unique
209	17110	unique
222	10028	unique
225	19385	unique
230	1656	unique
261	3781	unique
271	16899	unique
278	23330	unique
289	19129	unique
290	8131	unique
291	5592	unique
298	30617	unique
300	16442	unique
304	17422	unique
307	10640	unique
339	12334	unique
342	23275	unique
345	19882	unique
349	17980	unique
359	20699	unique
367	18759	unique
368	15542	unique
405	15572	unique
413	11818	unique
420	15331	unique
428	24367	unique
486	6859	unique
488	14613	uniq-repeat-cont
496	12769	unique
528	5147	unique
535	19833	span-repeat
555	9760	unique
558	13534	unique
562	15184	unique
565	10820	unique
566	12903	unique
577	21768	unique
583	17570	unique
590	14038	unique
608	6322	unique
624	15234	unique
626	24793	unique
642	14793	unique
648	9246	unique
718	15483	unique
723	18879	unique
742	12016	unique
758	18671	unique
762	10248	unique
772	2218	uniq-repeat-cont
774	20587	unique
791	11586	unique
828	10637	unique
830	8228	unique
832	17731	unique
846	21709	unique
849	21446	unique
853	28964	unique
880	12602	unique
891	15221	unique
895	13143	unique
896	8758	unique
898	15601	unique
910	19178	unique
917	18364	unique
927	10041	unique
928	21253	unique
937	33003	unique
965	11570	unique
979	12189	unique
989	25563	unique
997	16721	unique
1020	26027	unique
1034	23438	uniq-repeat-cont
1037	11025	unique
1045	20288	unique
1053	20456	unique
1056	12698	unique
1058	10498	unique
1090	11818	unique
1106	9742	unique
1114	17230	unique
1116	8637	unique
1171	16143	unique
1175	15898	unique
1176	8992	unique
1179	20521	unique
1193	9845	unique
1198	14141	unique
1206	15644	unique
1208	15440	unique
1211	22751	unique
1219	17375	unique
1267	18882	unique
1285	3099	unique
1287	15213	unique
1313	13188	unique
1319	12314	unique
1323	13699	unique
1338	10687	unique
1347	24955	unique
1348	18576	unique
1380	15558	unique
1388	14811	unique
1398	18309	unique
1405	23519	unique
1407	21686	span-repeat
1412	12970	unique
1415	13751	unique
1418	13521	unique
1426	20734	unique
1447	17559	unique
1450	19471	unique
1470	20328	unique
1479	10014	unique
1508	19816	unique
1512	12221	unique
1514	6189	unique
1516	10123	unique
1533	12153	unique
1537	11554	unique
1540	17671	unique
1547	22999	unique
1563	5485	unique
1570	13753	unique
1572	21315	unique
1575	20570	unique
1597	19214	unique
1628	3887	unique
1640	14674	unique
1650	11067	unique
1655	11341	unique
1661	18297	unique
1665	22284	unique
1676	18632	unique
1677	8584	unique
1689	10898	unique
1742	19998	unique
1770	3284	unique
1774	16884	unique
1782	10544	unique
1785	18559	unique
1789	28049	unique
1800	25896	unique
1811	22235	unique
1820	8667	unique
1823	10805	unique
1825	17595	unique
1868	11941	unique
1872	11968	unique
1880	8483	unique
1884	17605	unique
1891	12029	span-repeat
1907	13432	unique
1908	25224	span-repeat
1940	12597	unique
1963	10495	unique
1967	12930	unique
1994	12785	unique
2025	14514	unique
2032	13152	unique
2034	28705	unique
2036	12513	unique
2041	10654	unique
2045	14563	unique
2054	18176	unique
2066	24636	unique
2088	17252	unique
2093	21042	unique
2103	12465	unique
2104	17511	unique
2105	15212	unique
2109	11078	unique
2124	23904	unique
2126	6524	unique
2163	18998	unique
2176	10636	unique
2180	12650	unique
2183	11026	unique
2237	10415	unique
2248	18442	unique
2263	10843	unique
2284	9904	unique
2289	8857	unique
2313	16995	unique
2314	3718	unique
2354	27415	unique
2362	24122	span-repeat
2373	14544	unique
2376	13535	unique
2384	18481	unique
2392	33136	unique
2409	28737	unique
2429	9877	unique
2439	15152	unique
2440	13938	unique
2445	13530	span-repeat
2476	18063	unique
2480	11702	unique
2490	16924	unique
2491	13612	unique
2495	12782	unique
2515	15195	unique
2522	16800	unique
2528	15089	unique
2564	18704	unique
2584	22503	unique
2611	10060	unique
2612	12144	unique
2614	19723	unique
2615	17035	unique
2617	17907	unique
2619	8636	unique
2637	10556	unique
2641	12791	unique
2649	27482	unique
2652	14951	unique
2663	28506	unique
2681	21734	unique
2688	14516	unique
2696	10645	unique
2699	3122	unique
2703	12392	unique
2750	10313	unique
2760	16348	span-repeat
2774	12435	unique
2780	19198	unique
2783	11692	unique
2788	26310	unique
2806	10439	unique
2830	18345	unique
2838	6995	unique
2852	9123	unique
2861	12070	unique
2874	7634	unique
2881	16525	unique
2883	13399	unique
2925	9962	unique
2936	10661	unique
2943	13936	unique
2946	11200	unique
2953	18955	unique
2964	20226	unique
2970	12429	unique
2975	11152	unique
2990	15069	unique
2991	26101	unique
2996	21776	unique
2997	21332	unique
3001	18931	unique
3030	12125	span-repeat
3032	15085	unique
3036	17374	unique
3071	12426	unique
3095	12266	unique
3130	17041	unique
3144	14964	unique
3151	12574	unique
3164	26909	unique
3185	13476	unique
3207	11752	unique
3212	8991	unique
3216	19692	unique
3219	20251	unique
3237	24629	unique
3258	10248	unique
3274	17627	span-repeat
3279	15723	unique
3285	17062	unique
3290	10412	unique
3307	15774	unique
3310	14095	unique
3319	4821	span-repeat
3326	11914	unique
3332	10256	unique
3355	11142	unique
3366	13400	unique
3367	14262	unique
3372	18836	unique
3384	15264	unique
3392	19046	unique
3400	18328	unique
3403	12556	unique
3455	10480	unique
3464	13273	unique
3466	10872	unique
3483	3126	unique
3537	14588	unique
3544	17043	unique
3547	17994	unique
3568	16592	unique
3577	10929	unique
3601	11412	unique
3607	16243	unique
3615	14567	unique
3618	11290	unique
3619	14858	unique
3639	11331	unique
3648	14720	unique
3653	16184	unique
3656	14089	unique
3660	24231	unique
3665	12063	unique
3701	27132	unique
3707	11644	unique
3708	2170	unique
3709	10413	unique
3711	20006	unique
3719	14613	unique
3725	29366	unique
3740	22255	unique
3742	22960	unique
3751	19286	unique
3753	10418	unique
3773	22734	unique
3783	12213	unique
3796	13453	unique
3805	10059	unique
3830	9942	unique
3831	20494	unique
3834	17054	unique
3845	11239	unique
3850	14223	unique
3851	16805	unique
3857	22444	unique
3864	18139	unique
3870	9644	unique
3903	18571	unique
3907	15391	unique
3921	21354	unique
3940	21880	unique
3941	19781	unique
3965	14925	unique
3974	14250	unique
3976	8686	unique
3978	16718	unique
3992	18506	unique
3996	17424	unique
3999	21679	unique
4005	19920	unique
4009	28213	unique
4013	12233	unique
4014	13099	unique
4029	20866	unique
4058	15583	unique
4072	9412	unique
4089	13996	unique
4125	9207	unique
4132	17800	unique
4134	19066	unique
4145	20187	unique
4151	24389	unique
4162	10877	unique
4163	13090	unique
4172	14479	unique
4176	9343	unique
4183	9061	unique
4185	7281	unique
4197	14995	unique
4234	13601	unique
4236	14960	unique
4239	21025	unique
4246	27339	unique
4252	9239	unique
4265	18135	unique
4305	16974	unique
4309	13991	unique
4318	14398	unique
4319	14511	unique
4320	14168	unique
4324	12438	unique
4338	17938	unique
4339	10231	unique
4341	12810	unique
4362	17915	unique
4376	3749	unique
4381	25132	unique
4385	19503	unique
4395	17311	unique
4425	10985	unique
4435	18907	unique
4450	11388	unique
4468	16690	unique
4476	7335	unique
4482	24601	unique
4498	13437	unique
4510	12606	unique
4532	14502	unique
4536	10017	unique
4541	15146	span-repeat
4548	16394	unique
4571	14642	unique
4577	18687	unique
4583	13973	unique
4584	17053	unique
4588	14420	unique
4595	13560	unique
4611	24478	unique
4624	14420	uniq-repeat-dove
4626	24538	unique
4652	21309	span-repeat
4664	9870	unique
4665	18979	unique
4666	14596	unique
4670	21709	unique
4674	17903	unique
4693	10352	unique
4695	9754	unique
4707	18587	unique
4722	16276	unique
4730	17175	unique
4735	7702	unique
4740	20506	unique
4774	11640	unique
4805	8326	unique
4812	12696	unique
4824	13887	unique
4832	10991	unique
4840	11786	unique
4850	14136	unique
4860	19594	unique
4862	23106	unique
4878	13304	unique
4886	19302	unique
4896	13896	unique
4914	7078	unique
4919	12543	unique
4930	16750	unique
4933	9586	unique
4938	7014	unique
4948	15426	unique
4949	12015	unique
4952	20287	unique
4991	16452	unique
5007	23086	unique
5014	18056	unique
5030	12400	unique
5046	20908	unique
5048	14950	unique
5057	17496	unique
5062	12229	unique
5065	23209	unique
5122	12257	unique
5127	9531	unique
5145	10953	unique
5147	13087	unique
5151	10038	unique
5158	21050	unique
5167	19927	unique
5177	23381	unique
5180	12322	unique
5190	19690	unique
5194	12427	unique
5217	16039	unique
5220	24375	unique
5257	18629	unique
5275	20491	unique
5279	11578	unique
5290	10849	unique
5304	11468	unique
5344	17428	unique
5351	12584	unique
5354	13277	uniq-repeat-cont
5359	32569	unique
5363	10163	unique
5364	12028	unique
5370	6336	unique
5393	19578	unique
5409	12033	unique
5412	16396	unique
5416	12984	unique
5420	10087	unique
5431	15826	unique
5433	9020	unique
5440	11228	unique
5449	10034	unique
5458	9514	unique
5459	16438	unique
5466	15681	unique
5474	19719	unique
5478	9917	unique
5479	9310	unique
5481	13495	unique
5497	29719	unique
5516	13287	unique
5521	12029	unique
5526	16066	unique
5535	15179	unique
5537	12937	unique
5544	21308	unique
5590	7798	unique
5616	10460	unique
5626	19425	unique
5661	17135	unique
5664	11623	unique
5669	18659	unique
5670	11447	unique
5687	12060	unique
5698	10191	unique
5714	17126	unique
5721	17477	unique
5723	9718	unique
5728	8186	unique
5731	16599	unique
5740	32806	unique
5744	14779	unique
5769	17713	unique
5771	12523	unique
5773	24752	unique
5777	12039	unique
5785	17830	unique
5792	14043	unique
5797	20080	unique
5808	15526	unique
5812	6806	unique
5815	11875	unique
5845	8940	unique
5859	11769	unique
5881	12505	unique
5885	15601	unique
5889	23175	unique
5891	13555	unique
5893	17482	unique
5914	19943	unique
5915	16520	unique
5920	12762	unique
5937	21262	unique
5958	10018	unique
5967	13577	unique
5974	14041	unique
5989	12556	unique
6005	14895	unique
6029	8787	unique
6037	20240	unique
6049	10786	unique
6052	21991	unique
6057	26339	unique
6064	14207	unique
6066	4622	unique
6070	14284	unique
6078	9978	unique
6097	18558	unique
6104	13237	unique
6110	14353	unique
6129	14231	unique
6134	10821	unique
6146	22741	unique
6154	13734	unique
6155	20855	unique
6165	14104	unique
6166	9341	unique
6176	19697	unique
6210	12684	unique
6213	11520	unique
6222	10287	unique
6229	9259	unique
6234	12361	unique
6245	20705	unique
6257	20780	unique
6264	15363	unique
6266	12725	unique
6290	17854	unique
6306	18840	unique
6307	12969	unique
6323	15406	unique
6324	18812	unique
6336	12932	unique
6375	18188	unique
6405	16960	unique
6412	9671	unique
6414	6079	unique
6419	21107	unique
6425	11551	unique
6433	10670	unique
6445	17635	unique
6479	20060	unique
6499	11082	unique
6500	15546	unique
6522	20563	unique
6531	19633	unique
6537	11488	unique
6542	14328	unique
6566	26926	unique
6569	20979	unique
6581	8747	unique
6588	10113	unique
6613	23038	unique
6621	10669	unique
6627	13948	unique
6628	15016	unique
6630	16453	unique
6647	6101	unique
6648	11242	unique
6664	15724	unique
6678	13583	unique
6686	18836	unique
6707	26458	unique
6736	14694	unique
6738	19096	unique
6744	8455	unique
6745	11326	unique
6746	19557	unique
6751	10943	unique
6763	21938	unique
6769	15912	unique
6775	25028	unique
6776	9779	unique
6799	9956	unique
6813	21205	unique
6819	12706	unique
6821	11170	unique
6826	18473	unique
6839	23653	span-repeat
6850	9728	unique
6851	13994	unique
6857	10123	unique
6858	18013	unique
6874	15319	unique
6879	10099	unique
6889	19457	unique
6913	9799	unique
6930	14933	unique
6931	11001	unique
6938	20905	unique
6939	12838	unique
6941	13610	unique
6953	10302	unique
6961	1042	unique
6971	11639	unique
6978	30496	unique
6979	16008	span-repeat
6987	16180	unique
7015	9873	unique
7021	13733	unique
7033	13965	unique
7045	13995	unique
7054	3611	unique
7071	19416	unique
7075	11133	unique
7083	13806	unique
7087	12756	unique
7091	18183	unique
7105	13782	unique
7115	11840	unique
7149	24666	unique
7168	12174	unique
7174	9017	middle-missing
7239	20830	unique
7245	16955	unique
7254	11313	unique
7281	21186	unique
7284	11309	unique
7291	18266	unique
7315	15094	unique
7319	15615	unique
7330	12059	unique
7361	20380	unique
7392	10948	unique
7402	16946	unique
7410	17312	unique
7415	1922	unique
7427	9155	unique
7431	13912	unique
7436	10131	unique
7460	14750	unique
7463	14025	unique
7471	16591	unique
7474	13139	unique
7477	10795	unique
7478	21862	unique
7482	21440	unique
7484	10229	unique
7485	16776	unique
7498	9416	unique
7519	12570	unique
7537	14494	unique
7556	26833	unique
7568	10741	unique
7575	15327	unique
7603	15791	unique
7605	12816	unique
7614	9052	unique
7626	8060	unique
7634	10859	unique
7681	17056	unique
7693	9170	unique
7704	4664	unique
7717	16288	unique
7724	4373	unique
7725	18041	unique
7746	13336	unique
7756	21761	unique
7763	18704	unique
7764	20823	unique
7794	17061	unique
7795	16048	unique
7799	9542	unique
7802	11788	unique
7807	17106	unique
7819	13885	unique
7859	14218	unique
7873	14906	unique
7897	18096	span-repeat
7902	10501	unique
7926	13031	unique
7941	16257	unique
7952	16416	unique
7959	11508	unique
7986	21323	unique
7992	25109	unique
8006	22342	unique
8013	21027	unique
8035	12699	unique
8047	16820	unique
8088	24521	unique
8089	13482	unique
8091	12276	unique
8108	19446	unique
8113	9421	unique
8165	18407	unique
8191	21369	unique
8193	20503	unique
8194	16956	unique
8195	10795	unique
8198	15295	unique
8219	8223	unique
8225	18065	unique
8226	26249	span-repeat
8233	15192	unique
8260	9352	unique
8265	6573	unique
8271	11535	unique
8289	17783	unique
8309	9659	unique
8310	13983	unique
8338	8957	unique
8342	21048	unique
8369	22844	unique
8376	16206	unique
8383	18211	unique
8401	9430	unique
8421	17487	unique
8426	13609	unique
8438	16568	unique
8451	17761	unique
8457	10306	unique
8459	11188	unique
8460	18727	unique
8470	12847	unique
8478	15942	unique
8484	12254	unique
8489	20188	unique
8495	16968	unique
8498	16058	unique
8499	17169	unique
8522	18994	unique
8525	11985	unique
8529	22087	unique
8538	13712	unique
8539	14093	unique
8555	15787	unique
8556	12015	unique
8562	11711	unique
8569	19040	unique
8603	25371	unique
8605	15956	unique
8621	20838	unique
8636	10796	unique
8640	20869	unique
8642	6645	unique
8644	15469	unique
8646	10672	unique
8695	13882	span-repeat
8704	15712	unique
8720	14949	unique
8721	19456	unique
8724	14244	unique
8744	13341	unique
8750	23264	unique
8764	12366	unique
8767	14829	unique
8784	15456	unique
8809	13886	unique
8813	10764	unique
8819	28204	unique
8825	11715	unique
8839	17056	unique
8853	12268	unique
8866	15119	unique
8871	23451	unique
8902	19659	unique
8914	16882	unique
8917	9078	unique
8960	9273	unique
8972	16850	unique
8974	16380	span-repeat
8984	16769	unique
8992	14240	unique
9003	20456	unique
9018	12879	unique
9024	13439	unique
9029	1141	low-cov
9030	15147	unique
9060	18576	unique
9063	19745	unique
9074	37345	unique
9088	17815	unique
9101	10585	span-repeat
9104	23773	unique
9123	14736	unique
9125	13798	unique
9146	5893	unique
9153	18542	unique
9161	18246	unique
9173	18962	unique
9175	13645	unique
9178	13076	unique
9187	12087	unique
9188	10932	unique
9195	23118	unique
9201	14743	unique
9203	16323	unique
9215	17809	span-repeat
9219	26973	unique
9230	28631	unique
9234	4346	unique
9257	19834	unique
9284	15064	unique
9298	1326	unique
9328	16045	unique
9345	8837	unique
9351	3412	unique
9371	11378	unique
9374	10851	unique
9376	10193	unique
9383	9890	unique
9400	7119	unique
9437	16356	unique
9439	23025	unique
9461	24177	span-repeat
9524	11454	unique
9537	21229	unique
9549	33567	unique
9564	15686	unique
9572	10588	unique
9580	20359	unique
9582	15621	unique
9584	24444	unique
9586	5684	unique
9589	1108	unique
9604	26693	unique
9633	12323	unique
9642	23671	unique
9649	25408	unique
9674	12573	unique
9681	23694	unique
9697	12051	unique
9699	10870	span-repeat
9718	9251	unique
9732	18746	middle-missing
9735	14462	unique
9739	11502	unique
9743	25781	unique
9745	28581	unique
9758	14155	unique
9766	18403	unique
9782	8969	unique
9806	28297	unique
9830	18349	unique
9834	9355	unique
9838	21330	unique
9842	13642	unique
9846	13767	unique
9857	16538	unique
9870	10265	span-repeat
9896	9056	unique
9905	13913	unique
9918	18842	unique
9923	12326	unique
9927	9604	unique
9943	10977	unique
9944	11267	unique
9966	11528	unique
9985	29003	span-repeat
9987	7245	unique
9993	19052	unique
10008	14361	unique
10038	22920	unique
10047	15441	unique
10061	10453	unique
10067	12426	unique
10068	13362	unique
10079	7500	unique
10093	25753	unique
10114	14632	unique
10133	10140	unique
10139	10685	unique
10141	11801	unique
10145	16518	unique
10162	18144	unique
10182	9926	unique
10184	13246	unique
10185	12421	unique
10192	15915	unique
10202	11299	unique
10222	16822	unique
10228	23540	unique
10236	11378	unique
10239	14390	unique
10243	17100	unique
10254	17337	unique
10261	17016	unique
10277	13674	unique
10278	13046	unique
10280	23772	unique
10297	22556	unique
10302	24085	unique
10306	11248	unique
10320	18400	unique
10324	7316	unique
10325	21105	unique
10344	24916	unique
10347	10122	unique
10361	13863	unique
10374	4894	unique
10376	13346	unique
10404	17842	unique
10429	12799	unique
10446	26881	unique
10448	17648	unique
10457	15451	unique
10474	14540	unique
10483	17724	unique
10495	15148	unique
10504	24303	unique
10516	9502	unique
10526	9863	unique
10529	13282	unique
10532	19473	unique
10564	19323	unique
10570	9622	unique
10581	20930	unique
10592	9539	unique
10604	7693	unique
10605	15537	unique
10618	18455	unique
10635	22172	unique
10647	18712	unique
10648	18599	unique
10650	20528	unique
10651	21166	unique
10666	11449	unique
10671	18738	unique
10673	17001	unique
10675	10320	unique
10712	12171	unique
10754	19607	unique
10756	12516	unique
10759	15820	unique
10771	10444	span-repeat
10786	24127	unique
10802	1403	uniq-repeat-cont
10827	15115	unique
10844	28438	unique
10848	10411	unique
10918	20576	unique
10921	16617	unique
10926	19359	unique
10927	17427	unique
10936	6475	unique
10941	17733	unique
10953	22944	unique
10960	15044	unique
10988	20748	unique
10998	12974	unique
11025	16912	unique
11048	8294	unique
11052	10354	unique
11055	16391	unique
11085	12381	unique
11089	15248	unique
11108	16908	unique
11116	14592	unique
11119	15169	unique
11129	14152	unique
11151	20148	unique
11162	17698	unique
11164	18741	unique
11187	12580	unique
11195	22083	unique
11204	9179	unique
11222	6764	unique
11227	15807	unique
11249	19098	unique
11265	17713	unique
11280	18108	unique
11292	10435	unique
11305	11930	unique
11331	12265	unique
11351	11027	unique
11356	15073	unique
11378	10472	unique
11387	20553	unique
11396	17332	unique
11398	14129	unique
11412	14937	unique
11413	18156	unique
11415	10128	unique
11421	22126	unique
11423	12658	unique
11439	14413	unique
11458	17688	unique
11494	28336	unique
11503	15966	unique
11518	3898	unique
11524	11764	unique
11526	13959	unique
11531	20537	unique
11532	18145	unique
11543	18912	unique
11548	5642	unique
11552	10403	unique
11555	13556	unique
11580	20520	unique
11581	10803	unique
11600	19128	unique
11630	13692	unique
11634	9575	unique
11646	20521	span-repeat
11654	13437	unique
11660	17572	unique
11664	12226	unique
11675	7115	unique
11681	12281	unique
11684	12788	unique
11692	18399	unique
11696	6588	unique
11700	17492	unique
11709	16906	unique
11713	9480	unique
11717	18641	unique
11722	34964	uniq-repeat-cont
11733	3393	uniq-repeat-cont
11749	25947	unique
11801	15083	unique
11815	10251	unique
11826	12589	unique
11833	19171	unique
11839	2469	unique
11840	12502	unique
11845	10891	unique
11850	10681	unique
11858	18870	unique
11860	6964	unique
11881	12740	unique
11893	14769	span-repeat
11913	20004	unique
11954	22309	unique
11971	13412	unique
11974	18664	unique
11983	16438	unique
11987	14765	unique
12005	9965	unique
12025	19082	unique
12036	17642	unique
12037	23245	unique
12041	12157	unique
12043	9939	unique
12063	19048	unique
12077	14083	unique
12107	18390	unique
12125	8314	span-repeat
12135	15337	unique
12155	13312	unique
12159	21680	unique
12167	10597	unique
12174	8244	unique
12176	23774	unique
12190	14369	unique
12195	12850	unique
12216	12752	unique
12226	19062	unique
12235	12733	span-repeat
12243	7976	unique
12244	17435	unique
12248	21024	unique
12289	12003	unique
12302	18264	unique
12306	12917	unique
12321	17903	unique
12345	16566	unique
12363	12321	unique
12391	16255	unique
12405	13002	unique
12412	11566	unique
12422	29705	unique
12424	13850	unique
12435	25027	unique
12445	19399	unique
12450	16436	unique
12460	13121	unique
12461	15097	unique
12473	18121	unique
12477	20209	unique
12481	13845	unique
12505	24563	unique
12508	11355	unique
12513	12307	span-repeat
12531	16030	unique
12534	28256	unique
12538	27561	unique
12569	15798	unique
12576	12934	unique
12579	11702	unique
12586	25623	unique
12632	21529	unique
12633	16572	unique
12639	15349	unique
12643	14149	unique
12649	14877	unique
12659	14197	span-repeat
12683	14238	unique
12686	15203	unique
12690	12067	unique
12703	18378	span-repeat
12714	9363	unique
12731	12702	unique
12740	24708	uniq-repeat-dove
12744	6228	unique
12746	17752	unique
12759	8540	unique
12804	11247	unique
12809	5753	unique
12812	18625	unique
12816	12738	unique
12829	10544	unique
12832	14971	unique
12833	26949	unique
12851	13093	unique
12875	25058	unique
12889	17493	unique
12893	20803	unique
12908	14431	unique
12922	10857	unique
12932	15142	unique
12938	12826	unique
12941	18260	unique
12967	8901	unique
12975	8594	unique
12991	14742	unique
13031	18566	unique
13048	16990	unique
13067	17029	unique
13091	16873	unique
13092	15864	unique
13093	16680	unique
13133	20476	unique
13154	8093	unique
13175	19377	unique
13176	13515	unique
13185	19691	unique
13193	14488	unique
13197	27110	unique
13205	14882	unique
13208	13413	unique
13211	11105	unique
13219	16580	unique
13238	10451	unique
13246	19050	unique
13273	6269	unique
13275	15774	unique
13286	11897	unique
13294	11976	unique
13298	8498	unique
13319	21910	unique
13320	9868	unique
13334	16069	unique
13341	10406	unique
13353	10471	unique
13360	10940	unique
13368	16444	unique
13388	7443	unique
13403	22880	unique
13421	15796	unique
13429	19620	unique
13433	18689	unique
13466	18454	unique
13470	17434	unique
13471	17872	unique
13482	17351	unique
13486	32667	unique
13503	12170	unique
13504	22647	unique
13528	9954	unique
13532	18665	unique
13537	16243	unique
13551	26656	unique
13568	17136	unique
13572	10629	unique
13584	17315	unique
13596	15028	unique
13614	19799	unique
13627	8674	unique
13675	9517	unique
13694	14857	unique
13697	18799	unique
13699	18091	unique
13731	28597	uniq-repeat-dove
13757	16278	unique
13758	16948	unique
13779	11867	unique
13789	19246	unique
13792	15260	unique
13799	14458	unique
13805	10090	unique
13821	22372	unique
13830	10714	unique
13838	9779	unique
13848	8556	unique
13859	22348	unique
13880	8435	unique
13882	17442	unique
13883	26555	unique
13885	11034	unique
13889	26238	unique
13893	12925	unique
13907	15450	unique
13910	22998	unique
13925	2266	unique
13932	19062	unique
13941	21967	unique
13955	13172	unique
13957	17651	unique
13959	18418	unique
13973	30863	unique
13977	15966	span-repeat
13983	9175	unique
14012	13711	unique
14020	11927	unique
14028	12697	unique
14037	27545	unique
14042	13446	unique
14050	22882	unique
14061	19380	unique
14063	11379	unique
14093	18387	unique
14099	11806	unique
14111	18188	unique
14114	27117	unique
14128	18384	unique
14136	18300	unique
14145	10167	unique
14174	16845	unique
14212	12796	unique
14215	25053	unique
14223	18641	unique
14250	12113	unique
14268	15760	unique
14286	12775	unique
14303	11164	unique
14309	24538	unique
14326	13077	unique
14354	16130	unique
14369	18749	unique
14371	21298	unique
14375	14755	unique
14403	9608	unique
14431	14757	span-repeat
14432	14812	unique
14446	20136	uniq-repeat-dove
14466	13896	unique
14474	11116	unique
14476	19236	uniq-repeat-dove
14482	15079	unique
14497	9500	unique
14498	10712	unique
14499	12167	unique
14514	16332	unique
14525	16453	unique
14554	10022	unique
14577	21433	unique
14592	9087	unique
14598	12306	unique
14600	17771	unique
14604	18113	unique
14624	16247	unique
14630	11727	unique
14633	21095	unique
14640	9524	unique
14644	15649	unique
14652	16286	unique
14689	8408	unique
14702	17124	unique
14711	16691	unique
14732	8549	unique
14734	7053	unique
14739	20935	unique
14756	5571	unique
14762	17650	unique
14764	13501	unique
14768	15623	unique
14774	20135	unique
14781	20725	unique
14795	6220	unique
14804	17298	unique
14805	12655	unique
14823	14810	unique
14827	20511	unique
14838	13933	unique
14850	16731	unique
14854	19661	unique
14869	11833	unique
14871	15444	unique
14872	16840	unique
14874	18823	span-repeat
14879	7027	unique
14880	9493	unique
14894	19422	span-repeat
14902	9566	unique
14905	12666	unique
14915	15225	unique
14919	12845	unique
14923	9716	unique
14928	33475	uniq-repeat-dove
14935	12272	unique
14938	15527	unique
14942	19985	unique
14952	4927	unique
14958	16676	unique
14964	12026	unique
14966	11398	unique
14972	10163	unique
14975	12598	unique
14991	17269	unique
14994	10598	unique
15007	15008	unique
15011	9551	unique
15019	15916	unique
15022	18218	unique
15043	16632	unique
15044	20164	unique
15064	18851	unique
15068	6584	unique
15088	8855	unique
15093	20470	unique
15101	12830	unique
15118	23368	unique
15122	13041	unique
15138	21609	unique
15144	17487	unique
15150	18432	unique
15153	12005	unique
15165	12082	unique
15166	24743	unique
15172	11646	unique
15207	10365	unique
15208	15993	unique
15217	19216	unique
15245	16378	unique
15250	20569	unique
15263	12520	unique
15273	11092	unique
15279	16862	unique
15293	9298	unique
15295	15795	unique
15323	16396	unique
15329	4351	unique
15375	17807	unique
15386	18706	unique
15429	22467	unique
15433	18122	span-repeat
15447	13141	unique
15471	17337	unique
15476	10301	unique
15480	10469	unique
15493	26921	unique
15515	17256	unique
15520	11880	unique
15528	13284	unique
15531	9448	unique
15534	17846	span-repeat
15537	18341	unique
15543	17090	unique
15545	9817	unique
15547	11694	unique
15551	18980	unique
15581	20410	unique
15607	17497	unique
15635	23377	unique
15640	19848	unique
15651	16007	span-repeat
15654	14106	unique
15678	11549	unique
15706	10273	unique
15717	19643	unique
15738	10100	unique
15739	12152	unique
15745	14048	unique
15754	16799	unique
15761	14305	unique
15777	19481	unique
15783	22394	unique
15785	13898	unique
15788	16829	unique
15789	18272	unique
15790	17044	unique
15801	20183	unique
15812	11922	unique
15831	17232	unique
15833	25775	unique
15862	19631	unique
15865	13302	unique
15867	9863	unique
15876	17010	span-repeat
15907	22493	unique
15924	16849	unique
15936	10528	unique
15937	19350	unique
15938	9617	unique
15957	23494	span-repeat
15990	11168	unique
16015	21148	unique
16056	18017	unique
16086	14724	unique
16090	10911	unique
16163	11736	unique
16164	24052	unique
16165	8326	unique
16174	25158	unique
16176	15741	unique
16178	14840	unique
16179	18921	unique
16184	30521	unique
16200	9576	unique
16204	17430	unique
16217	18138	unique
16229	10893	unique
16240	30604	unique
16257	21675	unique
16259	11629	unique
16262	25589	unique
16272	8028	unique
16274	11317	unique
16275	18671	unique
16302	11207	unique
16309	13310	unique
16327	14657	unique
16352	13455	unique
16362	17880	unique
16370	10563	unique
16391	11399	unique
16404	19344	unique
16411	12734	unique
16430	29127	unique
16437	18122	unique
16439	12001	unique
16444	12071	unique
16447	19644	unique
16459	14094	unique
16474	20282	unique
16481	26451	unique
16487	10437	unique
16494	24921	unique
16500	23609	unique
16503	11810	unique
16510	18265	unique
16513	12911	unique
16517	18714	unique
16529	9846	unique
16546	12528	unique
16569	14831	unique
16654	16226	unique
16655	19086	unique
16656	21947	unique
16660	20783	unique
16664	14191	unique
16681	26940	unique
16705	8747	unique
16707	12446	unique
16711	14522	unique
16714	12440	unique
16732	14916	unique
16733	14604	unique
16775	11225	unique
16785	13479	unique
16786	6999	unique
16806	8684	unique
16808	19036	unique
16815	13255	unique
16829	17162	unique
16848	3314	unique
16855	14793	unique
16862	17115	unique
16867	10734	unique
16875	20603	unique
16878	13713	unique
16887	23744	unique
16901	12643	unique
16904	10861	unique
16905	13845	unique
16911	10189	unique
16916	13320	unique
16919	21092	unique
16932	20908	unique
16939	15908	unique
16959	16109	unique
16966	8509	unique
16968	23208	unique
16975	8453	unique
16980	18260	unique
16984	24824	unique
17011	9125	unique
17020	19272	unique
17021	10526	unique
17028	17339	unique
17045	7263	unique
17049	15859	unique
17053	21300	unique
17056	16985	unique
17076	23497	unique
17081	1058	unique
17095	24693	unique
17110	23159	unique
17146	19759	unique
17163	19304	unique
17164	19646	unique
17172	14049	span-repeat
17187	11712	unique
17207	8771	unique
17230	19142	unique
17253	14469	unique
17254	24033	unique
17256	11282	unique
17273	13972	unique
17297	12571	unique
17301	13852	unique
17316	14920	unique
17332	12252	unique
17338	19946	unique
17345	13181	unique
17359	15910	unique
17368	13486	unique
17381	9808	unique
17386	10756	unique
17398	15132	unique
17405	16389	unique
17429	10744	unique
17450	14695	unique
17461	23524	unique
17473	13518	unique
17497	10968	unique
17519	17103	unique
17534	10914	unique
17551	9668	unique
17552	10797	unique
17556	15420	unique
17557	11484	unique
17558	16989	unique
17572	9816	unique
17587	1395	unique
17620	17310	unique
17622	9921	unique
17636	12973	unique
17647	16906	unique
17668	21814	unique
17682	12437	unique
17694	7231	unique
17729	15086	unique
17747	18479	unique
17752	19701	unique
17757	22372	unique
17771	20536	unique
17775	8436	unique
17779	21502	unique
17785	14885	unique
17786	14770	unique
17794	12396	unique
17800	17485	unique
17804	14517	unique
17822	20620	unique
17837	14734	unique
17885	12664	unique
17890	9762	unique
17898	18906	unique
17907	17299	unique
17927	13436	unique
17928	5715	unique
17937	19573	unique
17955	14655	unique
17961	20919	unique
17965	11498	unique
17969	22711	unique
17984	14846	unique
17989	20086	unique
17998	16367	unique
18000	7905	unique
18003	10474	unique
18004	7467	unique
18008	26115	unique
18015	1096	unique
18023	22497	unique
18029	22079	unique
18033	15309	unique
18035	16792	unique
18037	16749	unique
18050	13420	unique
18053	20979	unique
18074	18646	unique
18094	13375	unique
18101	9064	unique
18108	17190	unique
18118	13452	unique
18121	11970	unique
18144	17690	unique
18147	10634	unique
18152	10336	unique
18155	17576	unique
18164	11912	unique
18178	18005	unique
18183	20615	unique
18189	15468	unique
18192	8564	unique
18205	17503	unique
18214	10306	unique
18224	8841	unique
18227	12595	unique
18235	10842	unique
18240	12152	unique
18241	9911	unique
18256	11609	unique
18268	28413	unique
18275	23254	unique
18279	24564	unique
18301	23472	unique
18305	5584	unique
18317	15720	unique
18318	18826	unique
18320	18538	unique
18391	10063	unique
18398	11650	unique
18407	23328	unique
18417	10321	unique
18419	19281	unique
18421	13995	unique
18431	15223	unique
18448	10949	unique
18459	11949	unique
18471	10851	unique
18481	28426	unique
18482	15291	unique
18488	20163	unique
18516	20960	unique
18560	9112	unique
18575	12027	unique
18593	25232	unique
18599	10320	unique
18625	12109	unique
18632	14892	unique
18639	14845	unique
18642	18881	unique
18652	9244	unique
18653	13845	unique
18670	20574	unique
18706	18181	unique
18714	1020	low-cov
18740	19687	unique
18743	19290	unique
18754	16316	unique
18755	21576	unique
18772	16116	unique
18785	8754	unique
18796	12908	unique
18811	8756	unique
18812	15573	unique
18813	10768	unique
18833	10608	unique
18843	13128	unique
18859	11205	unique
18873	12665	unique
18877	10562	unique
18879	14270	unique
18882	20201	unique
18885	11295	unique
18888	14593	unique
18891	13188	unique
18896	11424	unique
18902	10103	unique
18912	12595	unique
18928	4275	unique
18941	17258	unique
18953	20933	unique
18960	27716	unique
18968	17926	uniq-repeat-dove
18975	21660	unique
18983	8266	unique
19033	17363	unique
19042	15326	unique
19044	13478	unique
19053	22785	unique
19066	9801	unique
19093	23772	unique
19110	15778	unique
19123	13276	unique
19128	11953	unique
19145	10919	unique
19172	18241	unique
19174	19981	unique
19177	2568	unique
19178	21947	unique
19193	8675	unique
19194	13640	unique
19212	9776	unique
19213	12484	unique
19252	9941	unique
19257	9645	unique
19259	9605	unique
19280	10867	unique
19282	14783	unique
19310	18165	unique
19322	12135	unique
19327	14585	unique
19344	8700	unique
19351	11130	unique
19359	13026	unique
19376	1013	unique
19379	7522	unique
19389	18539	unique
19404	30791	unique
19407	26336	unique
19409	16071	unique
19429	12942	unique
19443	11759	unique
19451	16122	unique
19454	23938	unique
19455	13811	unique
19460	19714	unique
19479	10400	unique
19489	14637	unique
19500	23304	unique
19508	19194	unique
19538	12437	unique
19553	16847	unique
19597	22894	unique
19604	12727	unique
19607	13486	unique
19612	21462	unique
19622	29804	span-repeat
19641	18466	unique
19642	14428	unique
19663	14614	unique
19681	15089	unique
19682	15965	unique
19701	16502	unique
19702	19521	unique
19717	12652	unique
19745	8562	unique
19770	21791	unique
19773	16175	unique
19792	17845	unique
19797	9463	unique
19822	21573	unique
19830	9503	unique
19841	18342	unique
19851	15136	unique
19859	18879	unique
19874	6016	unique
19877	17186	unique
19878	19404	unique
19919	17029	unique
19923	14708	unique
19932	7618	unique
19938	27484	unique
19959	7918	unique
19960	16851	unique
19988	9264	unique
19996	9966	unique
20007	12752	unique
20019	14468	unique
20033	20207	unique
20037	15256	unique
20062	20810	span-repeat
20065	5828	unique
20075	8267	unique
20106	12446	unique
20158	11901	unique
20168	19385	unique
20170	4974	unique
20179	20437	unique
20188	8555	unique
20220	16801	unique
20225	15622	unique
20240	14567	unique
20241	16217	unique
20247	28161	unique
20252	9909	unique
20257	13244	unique
20266	14567	unique
20300	16679	unique
20315	23115	unique
20316	17849	unique
20321	15154	unique
20322	14929	unique
20347	2361	unique
20366	13455	unique
20384	12740	unique
20394	15545	unique
20435	14357	unique
20437	19141	unique
20443	17015	unique
20456	15783	unique
20458	23326	unique
20461	21490	unique
20464	12257	unique
20486	17561	span-repeat
20488	19749	unique
20495	25870	unique
20497	13687	unique
20498	7403	unique
20507	13845	unique
20513	19742	unique
20528	10625	unique
20531	27316	unique
20543	11479	unique
20548	21471	unique
20567	18113	unique
20571	5616	unique
20574	25612	unique
20575	11791	unique
20590	12872	unique
20615	9730	unique
20634	16338	unique
20650	16262	unique
20657	15099	unique
20668	17489	unique
20678	12322	unique
20680	28966	unique
20689	14049	unique
20694	12548	unique
20695	15244	unique
20697	20428	unique
20701	12873	unique
20708	19256	unique
20709	15024	unique
20715	11695	unique
20717	19160	unique
20747	16775	unique
20748	19077	unique
20764	16211	unique
20773	20708	unique
20798	7684	unique
20801	11074	unique
20825	12804	unique
20830	21024	unique
20833	14118	unique
20841	24141	unique
20851	9369	unique
20855	12220	unique
20864	9196	unique
20871	21287	unique
20922	17878	unique
20923	18732	unique
20943	27402	unique
20958	18055	unique
20965	24809	unique
20968	10014	unique
20979	12230	unique
20982	12626	unique
20997	22631	unique
21009	17913	unique
21017	14306	unique
21022	19995	unique
21029	8619	unique
21031	21148	unique
21035	16858	unique
21044	17587	unique
21045	19886	unique
21049	10890	unique
21085	13161	span-repeat
21105	19722	unique
21109	11863	unique
21112	10482	span-repeat
21127	12660	unique
21132	21514	unique
21140	29230	unique
21152	18152	unique
21158	22398	span-repeat
21167	24601	unique
21179	19447	unique
21180	13227	unique
21199	19503	unique
21206	21057	unique
21216	12125	unique
21217	12521	unique
21221	8782	unique
21223	2348	unique
21225	11696	unique
21236	20288	unique
21237	8575	unique
21238	24458	unique
21245	12864	unique
21252	18747	unique
21272	13026	unique
21279	10964	unique
21282	11259	unique
21283	16675	unique
21286	25634	unique
21304	14524	unique
21308	13067	unique
21312	8905	unique
21321	19232	unique
21322	18617	unique
21325	9145	unique
21331	8461	unique
21334	19297	unique
21335	10729	unique
21349	6882	unique
21369	9972	unique
21370	18309	unique
21378	21140	unique
21394	9268	unique
21395	13526	unique
21411	18286	unique
21425	13727	unique
21428	13115	unique
21429	15303	unique
21430	13265	unique
21433	10864	unique
21463	8473	unique
21468	16924	span-repeat
21471	11975	unique
21483	25778	unique
21493	18664	unique
21495	13160	unique
21500	12230	unique
21511	14824	unique
21516	11488	unique
21540	17788	unique
21546	11337	unique
21550	9647	unique
21558	17437	unique
21569	11315	unique
21572	9718	unique
21580	10056	unique
21584	11001	unique
21586	16677	unique
21596	9974	unique
21625	11217	unique
21631	18450	unique
21648	9357	unique
21651	14745	unique
21655	17892	unique
21667	12436	unique
21668	31473	unique
21675	22422	unique
21697	9134	unique
21731	20615	unique
21739	21895	unique
21742	18824	unique
21770	1430	unique
21774	11597	unique
21779	11610	unique
21783	14178	unique
21793	10311	unique
21800	10367	unique
21805	12291	unique
21816	15904	unique
21820	4995	unique
21823	10370	unique
21825	17055	unique
21826	25567	unique
21836	10601	unique
21847	19515	unique
21866	20742	unique
21891	10926	unique
21904	11792	unique
21919	17543	unique
21943	10597	unique
21955	18776	unique
21972	18795	unique
21979	17563	unique
21981	15881	span-repeat
21997	10161	unique
21998	17822	unique
22010	14437	unique
22029	16845	unique
22034	10889	unique
22046	15990	unique
22067	16485	unique
22069	9829	unique
22073	12828	unique
22086	6977	unique
22098	24278	unique
22099	13723	unique
22101	17495	unique
22108	17810	unique
22118	9890	unique
22129	19428	unique
22136	10716	unique
22140	17359	unique
22144	21042	unique
22148	18496	unique
22175	8271	unique
22190	9722	unique
22200	13639	unique
22210	17676	unique
22216	9995	unique
22221	17819	unique
22233	10570	unique
22240	17538	unique
22256	7687	unique
22263	17255	unique
22277	11927	unique
22278	10954	unique
22283	10599	unique
22284	16373	unique
22285	13310	unique
22286	17957	unique
22297	10043	span-repeat
22300	7888	unique
22345	11993	unique
22348	8637	unique
22353	9609	unique
22365	26268	unique
22366	12101	unique
22370	12011	unique
22374	10680	unique
22382	16663	unique
22396	10098	unique
22419	13219	unique
22435	23840	unique
22436	17828	unique
22446	9677	unique
22450	10270	span-repeat
22452	21864	unique
22463	12428	unique
22464	4717	unique
22469	14255	unique
22480	9245	unique
22484	9118	unique
22489	19979	unique
22492	27936	unique
22499	19164	unique
22514	20152	unique
22515	17266	span-repeat
22518	17792	unique
22524	9315	unique
22553	15887	unique
22562	12558	unique
22569	13950	unique
22578	21321	span-repeat
22589	7626	unique
22597	15624	unique
22605	16367	unique
22611	22669	unique
22617	15893	unique
22618	25028	unique
22620	9146	unique
22630	18565	unique
22644	9858	unique
22646	10766	unique
22664	10813	unique
22665	13411	unique
22666	24073	unique
22668	8066	unique
22675	12617	unique
22685	11807	unique
22687	15459	unique
22688	11670	unique
22690	10443	unique
22699	10490	unique
22701	11381	unique
22717	14181	unique
22724	11515	unique
22739	17142	unique
22760	19825	unique
22762	10905	unique
22800	16468	unique
22801	14745	unique
22811	10721	unique
22825	14007	unique
22826	13040	unique
22840	9561	unique
22855	12581	unique
22858	14066	unique
22861	13266	unique
22869	11962	unique
22892	21230	unique
22896	15183	unique
22899	11738	unique
22900	18951	unique
22911	14229	unique
22912	14450	unique
22933	11906	unique
22939	16112	unique
22944	19283	unique
22947	10438	unique
22951	10988	unique
22960	10620	unique
22963	21632	unique
22974	19760	unique
22994	11731	unique
22996	14701	unique
23016	18828	unique
23027	17731	unique
23048	11045	unique
23076	9237	unique
23090	10551	unique
23095	24536	unique
23100	11710	uniq-repeat-cont
23126	11004	unique
23149	11051	span-repeat
23153	21517	unique
23166	12614	unique
23175	10160	unique
23183	15732	unique
23186	1052	unique
23188	21171	unique
23195	9736	unique
23204	12819	unique
23205	14264	unique
23225	19814	unique
23231	19976	unique
23232	20689	unique
23240	13701	unique
23272	11619	unique
23279	2825	low-cov
23298	16072	unique
23301	19003	unique
23319	9319	unique
23337	13070	unique
23354	15410	unique
23356	32588	unique
23358	9510	unique
23370	12058	unique
23372	18945	unique
23387	12679	unique
23388	13400	unique
23389	20826	unique
23395	18301	unique
23400	4384	unique
23404	24169	unique
23410	15802	unique
23451	11028	unique
23457	21201	unique
23458	4415	unique
23467	11998	unique
23477	21023	unique
23493	27653	unique
23495	11039	unique
23545	13576	unique
23549	11632	unique
23577	13359	unique
23589	24833	span-repeat
23592	22058	unique
23612	13969	unique
23636	9882	unique
23638	17948	unique
23657	26006	unique
23661	12273	unique
23673	16414	unique
23674	25802	unique
23680	15581	unique
23682	11719	unique
23683	20826	unique
23692	14891	unique
23696	11812	unique
23699	11303	unique
23730	13575	unique
23745	11745	unique
23750	11556	unique
23756	16840	unique
23759	6344	unique
23761	13043	unique
23767	16292	unique
23770	13281	unique
23779	17208	unique
23781	13860	unique
23783	18746	unique
23792	11847	unique
23798	16366	unique
23807	4452	unique
23813	14301	unique
23822	20558	unique
23824	15330	unique
23839	18811	unique
23855	13235	unique
23864	8740	unique
23870	12225	unique
23875	9750	unique
23885	18114	unique
23893	11251	unique
23912	7996	unique
23928	9784	unique
23929	23232	unique
23939	20573	unique
23940	20808	unique
23960	12161	unique
23977	10655	unique
23985	14741	unique
23987	19265	unique
24000	16574	unique
24023	15092	unique
24050	17390	unique
24054	13202	unique
24064	16779	unique
24065	17967	unique
24087	4619	unique
24121	12672	unique
24126	19520	unique
24127	21214	unique
24135	9180	unique
24141	14258	unique
24155	12487	unique
24174	12965	unique
24183	14228	unique
24189	18072	unique
24191	9512	unique
24195	15318	unique
24198	7042	unique
24203	17053	unique
24208	10567	unique
24220	29109	unique
24222	10836	unique
24237	18238	unique
24261	8867	unique
24263	19993	unique
24278	9117	unique
24328	12788	unique
24331	16722	unique
24337	2671	unique
24345	13952	unique
24369	21460	unique
24373	13646	unique
24377	7559	unique
24396	9155	unique
24431	28388	unique
24435	16000	unique
24459	11741	unique
24471	16810	unique
24477	20295	unique
24489	24617	unique
24493	7781	unique
24512	14368	unique
24517	14728	unique
24524	9804	unique
24531	8660	unique
24532	23748	unique
24537	26342	unique
24540	13206	unique
24542	18274	unique
24559	11905	unique
24574	19227	unique
24583	11331	unique
24592	18102	unique
24596	13335	unique
24603	10691	unique
24604	13123	unique
24623	13655	unique
24628	9053	uniq-repeat-cont
24644	22321	unique
24647	7348	unique
24701	14045	unique
24729	16460	unique
24735	20096	unique
24752	10442	unique
24787	18897	span-repeat
24789	16248	unique
24856	14946	unique
24858	14375	unique
24865	13808	unique
24884	12093	unique
24896	16774	unique
24906	10573	unique
24923	18140	unique
24931	17491	unique
24942	13196	unique
24945	19633	unique
24960	13299	unique
24989	1507	unique
24999	14924	unique
25001	22781	unique
25055	20649	unique
25056	11765	unique
25066	15070	unique
25080	13796	unique
25081	11949	unique
25082	15722	unique
25093	14591	unique
25103	11991	unique
25113	18811	unique
25116	11940	unique
25121	15027	unique
25123	18899	unique
25126	16339	unique
25130	11506	unique
25138	19038	unique
25144	17875	unique
25156	11350	unique
25162	14980	unique
25164	10650	unique
25256	12298	unique
25259	21717	unique
25262	18841	unique
25284	9907	unique
25285	17998	unique
25287	11425	unique
25292	12461	unique
25294	10988	unique
25305	28007	unique
25310	22751	unique
25312	12332	unique
25320	3528	unique
25329	13341	unique
25347	21316	unique
25375	3585	unique
25378	9189	unique
25404	17159	unique
25428	7244	unique
25464	18993	unique
25466	15871	unique
25472	17974	uniq-repeat-dove
25478	12987	unique
25494	17845	unique
25503	12028	unique
25505	9648	unique
25510	14716	unique
25529	17765	unique
25553	18133	unique
25563	19668	unique
25571	9167	unique
25576	10857	unique
25591	20525	unique
25592	18184	unique
25595	12389	unique
25596	16235	unique
25610	19473	unique
25622	9426	unique
25629	19855	unique
25638	12339	unique
25644	14767	unique
25650	17789	unique
25651	17979	unique
25654	13555	unique
25664	13997	unique
25668	16364	unique
25672	11963	unique
25709	15853	unique
25720	10858	span-repeat
25724	15462	unique
25742	19375	unique
25746	8377	unique
25748	9734	unique
25757	14309	unique
25814	10008	unique
25832	16226	span-repeat
25840	15228	unique
25859	21717	span-repeat
25861	35697	unique
25863	9007	unique
25874	1120	uniq-repeat-cont
25877	19942	unique
25878	12668	unique
25889	15372	unique
25890	21590	middle-missing
25911	20231	unique
25920	1296	unique
25940	11185	span-repeat
25966	17866	unique
25968	15970	unique
25974	1607	unique
25988	17563	unique
25990	13412	unique
26017	20349	unique
26033	14546	unique
26035	21173	unique
26053	14220	unique
26076	12412	unique
26085	4403	unique
26093	15989	unique
26100	9895	unique
26109	10266	unique
26113	8091	unique
26115	14396	unique
26122	15494	unique
26123	26909	unique
26125	16245	unique
26143	19095	unique
26195	19809	unique
26198	20486	unique
26200	9793	unique
26202	18283	unique
26212	13165	unique
26218	9855	unique
26219	10844	unique
26223	12811	unique
26225	12722	unique
26284	18192	unique
26291	15688	unique
26293	11289	unique
26318	17427	unique
26341	9973	unique
26354	12653	unique
26357	19282	unique
26358	18581	unique
26372	3379	unique
26382	19113	unique
26384	12395	unique
26385	17371	unique
26389	1114	unique
26409	13222	unique
26420	12569	unique
26437	22486	unique
26438	14238	unique
26441	20149	unique
26446	10899	unique
26468	9197	unique
26483	20307	unique
26491	24177	unique
26512	12827	unique
26519	10637	unique
26550	16355	unique
26570	18429	unique
26575	14484	unique
26586	20865	unique
26600	11291	uniq-repeat-cont
26606	10136	unique
26618	17081	unique
26627	10662	unique
26631	14522	unique
26632	9823	unique
26646	11163	unique
26660	12591	unique
26690	11662	unique
26696	19493	unique
26699	11629	unique
26701	11823	unique
26704	11317	unique
26711	9056	unique
26712	9783	unique
26722	15155	unique
26725	28121	unique
26730	12585	unique
26785	17433	unique
26792	12805	unique
26795	13439	unique
26799	19391	unique
26829	20697	unique
26834	13045	unique
26835	1827	uniq-repeat-cont
26854	12741	unique
26865	21501	unique
26877	11929	unique
26883	19326	unique
26891	15719	unique
26895	12815	unique
26896	14817	unique
26906	22496	unique
26924	6355	unique
26933	6033	unique
26942	10625	unique
26964	13338	unique
26968	10884	unique
26974	11257	unique
26977	8623	unique
27016	10792	unique
27028	14776	unique
27030	22259	unique
27074	16063	unique
27076	8707	unique
27079	19536	unique
27092	13766	unique
27104	10064	unique
27114	9469	unique
27125	16423	unique
27158	20209	unique
27169	2853	unique
27183	15979	span-repeat
27184	14303	unique
27194	1482	unique
27198	18078	unique
27256	11344	unique
27271	11193	unique
27274	15902	unique
27279	20722	unique
27283	18283	unique
27301	11261	unique
27315	12782	unique
27316	12666	unique
27319	16821	unique
27322	2276	unique
27325	17194	unique
27342	15759	unique
27343	19150	unique
27358	23026	unique
27375	20649	unique
27388	16883	unique
27398	13846	unique
27405	16621	unique
27423	12566	unique
27429	10197	unique
27449	1049	unique
27455	14182	unique
27456	13011	unique
27469	18476	unique
27476	12389	unique
27480	4583	unique
27485	13752	unique
27492	12008	unique
27522	10640	unique
27531	11266	unique
27534	15865	unique
27544	15088	unique
27550	18823	unique
27551	11474	unique
27552	15441	unique
27571	6614	unique
27578	9852	unique
27590	10772	unique
27605	13355	unique
27617	6273	unique
27620	18153	unique
27635	11115	unique
27644	15812	unique
27663	22848	unique
27665	9907	unique
27680	17038	unique
27682	21487	unique
27687	17931	unique
27688	13363	unique
27693	11148	unique
27709	10762	unique
27720	18898	unique
27741	18279	unique
27793	18420	unique
27817	21765	unique
27823	13780	unique
27825	11393	unique
27826	12344	unique
27830	13549	unique
27835	16355	unique
27853	19099	unique
27861	13266	unique
27865	12736	unique
27866	11777	unique
27891	15478	unique
27895	14428	unique
27912	11012	unique
27917	18841	unique
27950	25188	unique
27956	14021	unique
27958	28774	unique
27980	16636	unique
27987	20199	unique
28022	19246	unique
28023	12952	unique
28051	12426	unique
28055	2161	unique
28056	15794	unique
28058	7845	unique
28062	8185	unique
28080	10469	unique
28103	19896	unique
28106	19906	span-repeat
28108	10555	unique
28124	7717	unique
28129	18842	unique
28136	22086	unique
28138	9424	unique
28223	10186	unique
28229	16243	unique
28233	9603	unique
28257	15569	unique
28273	12369	unique
28280	11480	unique
28321	6325	unique
28332	9128	unique
28365	10657	unique
28366	18497	unique
28370	11046	unique
28371	13475	unique
28393	8494	unique
28396	11777	unique
28420	17454	unique
28432	12529	unique
28433	7484	unique
28436	15636	unique
28442	23394	span-repeat
28445	3221	unique
28511	12209	unique
28534	10899	unique
28549	11500	unique
28561	8499	unique
28564	23143	unique
28593	15807	unique
28601	15415	unique
28613	21145	unique
28615	17671	unique
28642	30583	unique
28649	20987	span-repeat
28676	23291	unique
28690	12006	unique
28702	10308	unique
28708	13268	unique
28731	8338	unique
28761	11278	uniq-repeat-cont
28776	10244	unique
28788	18524	unique
28802	2096	uniq-repeat-dove
28821	16839	unique
28826	11191	unique
28848	11016	unique
28849	17012	unique
28861	4064	unique
28874	12648	unique
28896	10938	unique
28904	8187	unique
28950	16907	unique
28954	8986	unique
28963	13590	unique
28978	10040	unique
28980	11636	unique
28994	4381	unique
28999	18560	unique
29036	11812	unique
29043	11646	unique
29046	8873	unique
29054	14539	unique
29063	9998	unique
29067	12149	unique
29068	14150	unique
29093	17027	unique
29102	19864	unique
29107	17553	unique
29118	9634	unique
29119	10225	unique
29127	12244	span-repeat
29132	16559	unique
29144	11456	unique
29173	11476	unique
29183	17529	unique
29186	20568	unique
29201	22188	unique
29202	12679	unique
29221	13993	unique
29239	11092	unique
29242	9341	unique
29289	12319	unique
29312	16023	unique
29320	18423	unique
29361	17749	unique
29379	32614	unique
29381	17846	unique
29390	20888	unique
29400	20595	unique
29429	14877	unique
29452	21594	unique
29453	25101	unique
29475	23507	unique
29477	21656	uniq-repeat-dove
29487	11336	unique
29500	14393	unique
29505	10304	unique
29516	22098	unique
29526	7626	unique
29529	18162	unique
29579	15760	unique
29580	22215	unique
29590	11091	unique
29602	19713	unique
29625	15313	unique
29645	10574	unique
29654	16872	unique
29658	9697	unique
29684	10508	unique
29689	1418	uniq-repeat-cont
29692	17193	unique
29708	10275	unique
29728	26907	unique
29767	10445	unique
29768	18994	unique
29779	24411	unique
29804	21477	unique
29814	11166	unique
29816	10670	unique
29817	10167	unique
29818	16022	unique
29831	20644	unique
29881	14136	unique
29882	17734	unique
29883	17018	unique
29891	12446	unique
29895	11006	unique
29914	28034	unique
29918	24693	unique
29921	17917	unique
29923	17258	unique
29927	10788	unique
29929	1058	low-cov
29930	18999	unique
29969	26840	unique
29974	9407	unique
29985	14879	unique
30003	7188	uniq-repeat-cont
30004	19262	unique
30025	18173	unique
30034	13304	unique
30076	9268	unique
30102	7873	unique
30108	10310	unique
30118	20093	unique
30135	14074	unique
30146	23551	unique
30169	20017	unique
30188	17432	unique
30191	14569	unique
30209	14718	unique
30251	19279	unique
30261	14955	unique
30268	16309	unique
30273	22650	unique
30294	14573	unique
30296	18899	unique
30297	11490	unique
30312	18542	unique
30330	25079	unique
30363	19327	unique
30373	10888	unique
30390	17310	unique
30404	10057	unique
30405	14926	unique
30426	19725	unique
30445	14108	unique
30446	17554	unique
30448	11959	unique
30466	22339	unique
30469	16254	unique
30474	19023	unique
30477	38040	uniq-repeat-dove
30485	10241	unique
30497	11483	unique
30502	14339	unique
30515	16500	unique
30537	10904	unique
30538	12350	unique
30553	16494	unique
30578	14308	unique
30579	17443	unique
30583	5077	unique
30589	9663	unique
30596	26152	unique
30597	18634	unique
30603	4122	unique
30618	11873	unique
30630	9710	unique
30632	19460	unique
30656	10509	unique
30667	7703	unique
30672	9038	unique
30675	14906	unique
30685	12541	unique
30713	9551	unique
30748	9651	unique
30756	12943	unique
30758	11593	unique
30772	13538	unique
30775	12053	unique
30780	15943	unique
30781	13317	unique
30794	18394	unique
30832	13219	unique
30839	10600	unique
30840	19383	unique
30866	8811	unique
30879	16121	unique
30881	10868	unique
30882	6737	unique
30890	6021	unique
30903	12664	unique
30918	12209	unique
30920	12553	unique
30934	25771	unique
30938	15708	unique
30967	15229	unique
30984	11382	unique
30999	16941	unique
31010	12907	span-repeat
31035	15612	unique
31036	15666	unique
31047	21053	unique
31058	20259	unique
31099	1341	unique
31112	17925	unique
31115	14330	unique
31119	15432	unique
31122	14370	unique
31126	10593	unique
31144	18291	unique
31148	9836	unique
31176	19842	unique
31180	10875	uniq-repeat-cont
31196	19524	unique
31215	15215	unique
31233	17829	unique
31238	21239	middle-missing
31244	20494	unique
31250	11965	unique
31264	10406	unique
31276	16125	span-repeat
31281	13156	unique
31319	9170	unique
31320	21793	unique
31324	10445	unique
31332	3207	uniq-repeat-cont
31338	11303	unique
31340	9568	unique
31342	19705	unique
31355	19742	unique
31363	5174	unique
31371	19876	unique
31374	21180	unique
31381	35927	no-5-prime
31399	11890	unique
31408	16462	unique
31412	12758	unique
31421	18062	unique
31463	20989	unique
31466	11811	unique
31483	20772	unique
31492	15758	unique
31508	16503	unique
31524	20182	unique
31540	9700	unique
31563	10978	unique
31578	9271	unique
31590	11638	unique
31594	15200	unique
31625	16843	unique
31630	11015	unique
31632	24076	unique
31648	13434	unique
31651	24860	unique
31676	24684	unique
31681	16527	unique
31708	12477	unique
31721	21048	unique
31731	11078	unique
31732	12390	unique
31733	11850	unique
31744	9704	unique
31761	19156	unique
31769	23069	unique
31779	20185	unique
31796	9958	unique
31804	20941	unique
31808	19898	unique
31815	15236	unique
31819	8317	unique
31826	12299	unique
31836	28357	unique
31837	23996	unique
31845	18122	unique
31852	9969	unique
31855	16857	unique
31856	8982	unique
31861	21421	unique
31863	16408	unique
31871	26430	unique
31888	17903	unique
31890	12144	unique
31891	14307	unique
31903	4648	unique
31912	18373	unique
31946	4134	unique
31962	20938	unique
31974	17759	unique
31985	9466	unique
31988	14595	unique
32025	18217	unique
32040	12813	unique
32051	9585	unique
32053	13878	unique
32063	20727	unique
32064	12085	unique
32076	11327	unique
32078	11185	unique
32120	13385	unique
32127	21615	unique
32131	10645	unique
32141	10512	unique
32148	7266	unique
32150	9850	unique
32159	16465	unique
32174	10998	unique
32176	18861	unique
32177	15267	unique
32181	17205	unique
32186	13265	unique
32192	10037	unique
32194	18443	unique
32206	20405	unique
32209	13824	unique
32231	11552	unique
32235	2623	unique
32241	5129	unique
32243	21591	unique
32270	21180	unique
32277	14099	unique
32281	15939	unique
32282	11434	unique
32283	22672	unique
32294	7949	unique
32310	18729	unique
32315	17276	unique
32322	20688	unique
32323	10012	unique
32329	22364	unique
32354	10454	unique
32376	9778	unique
32379	14020	unique
32383	6779	unique
32390	9261	unique
32415	7744	unique
32420	7617	unique
32428	26979	unique
32462	7127	unique
32470	21947	unique
32495	12192	unique
32497	19328	unique
32504	15782	unique
32508	15651	unique
32547	18810	unique
32560	9147	unique
32568	12849	span-repeat
32586	16878	unique
32595	20378	unique
32618	14534	span-repeat
32629	15958	unique
32632	13062	unique
32642	9193	unique
32658	27124	unique
32659	10363	unique
32665	28492	unique
32666	15450	unique
32671	9560	unique
32697	6925	unique
32699	4105	unique
32707	10352	unique
32712	11396	unique
32722	12675	unique
32729	16542	unique
32739	10557	unique
32741	11653	unique
32744	11295	unique
32769	18139	unique
32771	19772	unique
32776	18914	unique
32801	8990	unique
32817	18579	unique
32834	9304	unique
32836	10168	unique
32853	11203	unique
32857	16580	unique
32861	14710	unique
32878	13520	unique
32886	8620	unique
32913	16461	unique
32921	13514	unique
32933	12575	unique
32942	12613	unique
32946	20241	unique
32989	11472	unique
33017	1678	no-5-prime
33022	12508	unique
33036	17879	unique
33038	12968	unique
33043	14036	unique
33051	28365	unique
33069	16015	unique
33074	17488	unique
33089	9957	unique
33092	20138	unique
33094	13907	unique
33103	19999	unique
33112	12447	uniq-repeat-cont
33124	19634	unique
33127	28455	span-repeat
33137	12664	unique
33138	15796	unique
33140	14780	unique
33143	15875	unique
33152	9521	unique
33162	14404	unique
33168	10392	unique
33174	17624	unique
33183	6752	unique
33184	21246	unique
33202	7078	unique
33208	18953	unique
33218	13672	unique
33238	11670	unique
33241	20929	unique
33243	18366	unique
33248	12335	unique
33276	8892	unique
33305	12024	unique
33314	21002	unique
33316	10813	unique
33332	16976	unique
33336	22723	unique
33340	21743	unique
33344	22168	span-repeat
33370	9180	unique
33373	24491	unique
33374	24046	unique
33386	9485	unique
33428	6214	unique
33437	10023	unique
33449	17951	unique
33468	9634	unique
33500	14356	unique
33526	11258	unique
33543	26212	unique
33560	1179	unique
33566	11234	unique
33579	12224	unique
33591	13879	unique
33594	8930	unique
33597	19307	unique
33599	16568	unique
33607	14020	unique
33608	16654	unique
33622	9983	unique
33624	10301	unique
33642	18216	unique
33644	18013	unique
33651	11867	unique
33654	11596	unique
33662	12367	span-repeat
33682	14594	unique
33685	11524	unique
33701	17898	unique
33704	16295	unique
33706	15659	unique
33709	15076	unique
33711	21548	unique
33719	17531	unique
33724	15639	unique
33728	9948	unique
33729	12933	unique
33741	19157	unique
33752	22136	unique
33753	20682	unique
33756	5485	unique
33769	2789	unique
33775	18456	unique
33778	30055	span-repeat
33779	17786	unique
33787	16467	unique
33793	21158	unique
33825	14150	unique
33835	16163	unique
33842	17185	unique
33864	7628	unique
33870	17394	unique
33903	17283	unique
33908	22226	unique
33911	8014	unique
33940	13921	unique
33950	18441	unique
33952	11264	unique
33961	14329	unique
33962	8693	unique
33968	21572	unique
33972	12353	unique
33974	22222	unique
33993	25638	unique
33995	10826	unique
34008	18659	unique
34021	15362	unique
34022	24598	unique
34032	11972	unique
34038	14584	unique
34049	12753	unique
34056	13074	unique
34066	18387	unique
34108	17698	unique
34109	14234	unique
34121	10342	unique
34134	18934	unique
34141	10576	unique
34166	20971	span-repeat
34185	9776	unique
34200	11604	unique
34214	5125	unique
34216	12232	unique
34218	12243	unique
34233	16224	unique
34269	10771	unique
34303	10007	unique
34316	21275	span-repeat
34322	6136	unique
34336	17895	unique
34352	15488	unique
34369	12710	unique
34396	10579	unique
34403	21767	unique
34408	18213	unique
34418	9520	unique
34431	20350	unique
34440	9763	unique
34455	18876	unique
34462	13958	unique
34488	19569	unique
34506	9833	unique
34513	12297	unique
34528	14803	unique
34529	11303	unique
34537	15023	unique
34539	18907	unique
34540	11418	unique
34548	14766	unique
34565	8569	unique
34582	10700	unique
34596	19139	unique
34607	6658	unique
34612	18865	unique
34613	15766	unique
34615	10734	unique
34660	23152	unique
34684	23790	unique
34693	13965	unique
34695	12574	unique
34700	13726	unique
34734	11073	unique
34736	9942	unique
34737	9739	unique
34738	15789	unique
34739	19962	unique
34768	25209	unique
34792	16506	unique
34796	8563	unique
34799	14550	unique
34814	11367	unique
34829	16778	unique
34833	11872	unique
34871	14514	unique
34887	16243	unique
34907	16926	unique
34917	15368	span-repeat
34926	20872	unique
34949	18418	unique
34960	10526	unique
34979	9421	unique
34980	28299	unique
34983	10977	unique
34991	14519	unique
35024	10178	unique
35028	20593	unique
35042	16546	unique
35044	20195	unique
35054	13579	unique
35074	18375	unique
35075	11403	unique
35084	10500	unique
35095	23491	unique
35113	19132	unique
35123	17277	unique
35140	17137	unique
35161	12324	unique
35174	24948	unique
35175	22871	unique
35191	8612	unique
35195	20328	unique
35201	18429	unique
35212	8322	unique
35243	19394	unique
35248	15816	unique
35254	21773	unique
35255	9631	unique
35263	14294	unique
35270	22887	unique
35294	17675	unique
35296	31332	unique
35302	16685	unique
35315	14402	unique
35322	3641	unique
35324	11154	unique
35330	17727	unique
35337	16579	unique
35347	25140	unique
35359	12715	unique
35361	9755	unique
35395	13161	unique
35399	12363	unique
35405	20610	unique
35421	17011	unique
35424	9318	unique
35430	11480	unique
35508	21681	unique
35529	10488	unique
35536	15774	unique
35558	18636	unique
35577	22461	unique
35584	14180	unique
35598	17948	unique
35627	18264	unique
35646	13537	unique
35648	28319	unique
35657	22660	unique
35659	24274	unique
35667	31491	middle-missing
35691	18229	unique
35700	14609	unique
35710	14076	unique
35716	22235	unique
35717	20980	unique
35725	11388	unique
35727	18432	unique
35736	12957	unique
35738	13203	unique
35746	14058	unique
35758	13418	uniq-repeat-cont
35793	22916	unique
35797	17881	unique
35805	1310	unique
35830	9416	unique
35831	8903	unique
35853	15907	unique
35862	7879	unique
35892	21042	unique
35904	10961	unique
35917	20138	unique
35982	13950	unique
36003	9219	unique
36022	9052	unique
36032	21005	unique
36033	3714	unique
36036	24035	unique
36043	12313	unique
36050	24873	unique
36066	27253	unique
36087	15451	unique
36090	14595	unique
36100	32257	unique
36103	20492	unique
36105	11869	unique
36108	16077	unique
36165	13775	unique
36174	9490	unique
36185	28294	unique
36196	18773	unique
36213	18954	uniq-repeat-dove
36221	21629	unique
36243	11648	unique
36245	11124	unique
36263	15576	unique
36282	11778	unique
36297	10800	unique
36305	13757	unique
36315	30683	unique
36332	17244	unique
36339	7857	unique
36353	8856	unique
36362	11282	unique
36368	3812	unique
36382	16835	unique
36394	10375	unique
36398	18492	unique
36413	18923	unique
36423	16018	unique
36424	16138	uniq-repeat-cont
36438	9068	unique
36442	15356	unique
36455	25381	unique
36459	1206	unique
36464	18378	unique
36520	14967	unique
36538	20699	unique
36558	19084	unique
36559	9533	unique
36577	22728	unique
36592	18840	span-repeat
36602	11667	unique
36610	14520	unique
36635	9396	unique
36637	16883	unique
36642	14806	unique
36680	12459	unique
36688	9590	unique
36700	12488	unique
36702	15488	unique
36705	27759	unique
36717	11437	unique
36737	9266	unique
36739	22002	unique
36755	18564	unique
36771	20129	unique
36773	11233	unique
36791	28754	unique
36815	20029	unique
36818	13387	unique
36820	23421	unique
36829	10893	unique
36830	14186	unique
36848	22530	unique
36869	17414	unique
36870	9629	unique
36872	10823	span-repeat
36901	12807	unique
36914	18166	unique
36924	12259	unique
36927	15899	unique
36937	19228	unique
36962	17058	unique
36974	22237	unique
36979	19839	unique
36986	9013	unique
36991	13208	unique
36993	15898	uniq-repeat-cont
36995	1694	unique
36996	10641	unique
37001	6373	unique
37008	4294	unique
37009	15252	unique
37024	21452	unique
37039	16046	unique
37053	13802	unique
37059	1433	uniq-repeat-cont
37093	21379	unique
37098	21192	unique
37103	15767	unique
37122	6860	unique
37136	11989	unique
37138	22125	unique
37141	9981	unique
37144	15455	unique
37153	27569	unique
37162	11264	unique
37169	14367	unique
37173	17946	unique
37209	10450	unique
37214	12621	unique
37219	26972	unique
37222	9844	unique
37232	12936	uniq-repeat-cont
37249	9770	unique
37251	19848	unique
37257	18100	unique
37297	15973	unique
37313	12829	unique
37354	27001	unique
37355	10188	unique
37360	15490	unique
37371	8037	unique
37390	27095	unique
37400	15373	unique
37406	17853	unique
37421	22400	uniq-repeat-dove
37449	12552	unique
37481	19402	unique
37489	2743	unique
37511	10971	uniq-repeat-cont
37517	6540	unique
37568	19811	unique
37572	11810	unique
37573	12526	unique
37577	20747	unique
37581	27463	unique
37608	26159	unique
37610	11164	unique
37660	18916	unique
37665	9428	unique
37673	20459	unique
37681	9860	unique
37709	13429	unique
37729	8911	unique
37731	30373	unique
37741	17702	unique
37744	6400	unique
37752	19818	unique
37760	19468	unique
37813	12716	unique
37819	11429	unique
37820	7887	unique
37824	16067	unique
37842	14217	unique
37850	8680	unique
37861	30271	unique
37909	15029	unique
37924	25728	unique
37925	14606	unique
37927	11268	unique
37943	20386	unique
37981	7887	unique
37984	12254	unique
37986	15126	unique
37990	22642	unique
37994	14577	unique
38004	12397	unique
38006	11672	unique
38009	11026	unique
38013	12059	unique
38022	20117	unique
38040	7904	unique
38046	13055	unique
38049	14325	unique
38050	11128	unique
38062	11336	unique
38080	8256	unique
38091	11232	unique
38101	14612	unique
38107	13959	unique
38109	34393	uniq-repeat-dove
38129	18868	unique
38144	15496	unique
38146	15169	unique
38160	10441	unique
38191	32005	unique
38195	18016	unique
38212	21243	unique
38214	13608	unique
38221	11977	unique
38223	10620	unique
38226	22901	unique
38234	19106	unique
38235	16675	unique
38240	23617	unique
38241	8900	unique
38284	20097	unique
38340	16838	unique
38345	10487	unique
38347	11284	unique
38357	19269	unique
38366	20451	unique
38373	21798	unique
38377	4263	unique
38412	13059	unique
38428	11322	unique
38430	16352	unique
38436	5489	unique
38438	10359	unique
38457	12624	unique
38468	10128	unique
38479	12564	unique
38481	10084	unique
38516	10183	unique
38524	11616	unique
38527	11370	span-repeat
38531	10762	unique
38552	13824	unique
38576	15228	unique
38578	11667	unique
38611	23942	unique
38616	10032	span-repeat
38619	9234	unique
38621	13400	unique
38625	13044	unique
38627	16152	unique
38641	17215	unique
38648	10489	unique
38673	11716	unique
38674	25227	unique
38679	27353	unique
38681	16492	unique
38682	13333	unique
38692	22956	unique
38700	15342	unique
38701	10635	unique
38713	12422	unique
38730	21874	unique
38769	12709	unique
38776	7722	unique
38847	28514	unique
38857	20663	unique
38864	9994	unique
38872	11341	unique
38926	8215	unique
38929	16598	unique
38935	18823	unique
38970	9709	unique
38974	14739	unique
38980	13032	unique
38987	20587	unique
38988	22835	unique
38998	16252	unique
39039	15835	unique
39045	8578	unique
39046	9956	unique
39065	9447	unique
39090	13653	unique
39096	13580	unique
39103	21659	unique
39112	14621	unique
39125	20408	uniq-repeat-dove
39130	16624	unique
39136	9938	unique
39137	20797	unique
39140	11849	unique
39152	13374	unique
39164	11370	unique
39184	14683	unique
39186	15539	unique
39188	16505	unique
39193	20499	unique
39194	18681	unique
39201	14886	unique
39202	13841	unique
39206	12811	unique
39216	5028	unique
39251	11350	unique
39315	16803	unique
39340	27513	unique
39361	2037	unique
39363	10326	unique
39366	7133	unique
39388	1164	span-repeat
39391	18817	unique
39404	21033	unique
39415	16510	unique
39416	22014	unique
39428	13468	unique
39434	21212	unique
39437	18522	unique
39447	10120	unique
39456	13854	unique
39464	15739	unique
39467	19430	unique
39469	28933	unique
39478	18944	unique
39479	23382	unique
39480	20868	unique
39505	11765	unique
39510	15573	unique
39517	17820	unique
39518	17638	unique
39525	14916	unique
39542	17163	unique
39562	14202	unique
39568	21830	unique
39576	8727	unique
39578	15400	unique
39587	15752	unique
39588	20023	unique
39595	19589	unique
39596	23966	unique
39604	10199	unique
39611	7480	unique
39612	14075	unique
39627	28490	unique
39671	17987	unique
39672	22490	unique
39694	15581	unique
39695	11901	unique
39712	14970	unique
39717	12837	unique
39729	10085	unique
39758	10970	unique
39768	20332	unique
39788	11931	unique
39794	19576	unique
39797	11025	unique
39810	10637	unique
39822	21397	unique
39848	22367	unique
39849	19570	unique
39869	17041	unique
39877	18265	unique
39885	23416	unique
39890	12655	unique
39895	11872	unique
39896	20584	unique
39902	15629	unique
39917	14502	unique
39926	20432	unique
39940	12283	unique
39960	18335	unique
39972	18919	unique
39980	2025	uniq-repeat-cont
39985	15219	unique
39988	11717	unique
40010	19306	unique
40018	15070	unique
40020	20091	unique
40022	10086	unique
40091	10665	unique
40106	13249	unique
40115	12187	unique
40118	9730	unique
40122	10300	unique
40127	16858	unique
40128	18247	unique
40132	11411	unique
40138	12996	unique
