
Found perl:
   /usr/bin/perl
   This is perl 5, version 16, subversion 3 (v5.16.3) built for x86_64-linux-thread-multi

Found java:
   /sw/comp/java/x86_64/sun_jdk1.8.0_151/bin/java
   java version "1.8.0_151"

Found canu:
   /sw/bioinfo/canu/2.2/rackham/bin/canu
   canu snapshot v2.2 +0 changes (r10279 af9c6e709ff2d6473cf966702c420b9eb42d9078)

Running job 1 based on command line options.
Read_Frags()-- Loading target reads 1 through 40141 with 54708271 bases.
Read_Frags()-- 2.902 GB for bases, votes and info.

Read_Olaps()-- Loading 149824 overlaps.
Read_Olaps()-- 0.002 GB for overlaps..

extractReads()-- Loading reads 1 to 40138 (3608 reads with 54671738 bases) overlaps 0 through 149824.
extractReads()-- Loaded.
processReads()-- Launching compute.
processReads()-- Waiting for compute.

Passed overlaps =     149583  99.8391%
Failed overlaps =        241   0.1609%
Output file: ./00001.red.WORKING

Bye.
